         U __aeabi_idivmod@@GCC_3.5
         U __aeabi_uldivmod@@GCC_3.5
         U __aeabi_unwind_cpp_pr0@@GCC_3.5
         U __cxa_end_cleanup@@CXXABI_1.3
         w __cxa_finalize@@GLIBC_2.4
         U __errno_location@@GLIBC_2.4
         w __gmon_start__
         U __gxx_personality_v0@@CXXABI_1.3
         w _ITM_deregisterTMCloneTable
         w _ITM_registerTMCloneTable
         w _Jv_RegisterClasses
         U _ZdaPv@@GLIBCXX_3.4
         U _ZdlPv@@GLIBCXX_3.4
         U _Znaj@@GLIBCXX_3.4
         U _Znwj@@GLIBCXX_3.4
         U _ZTVN10__cxxabiv117__class_type_infoE@@CXXABI_1.3
         U _ZTVN10__cxxabiv120__si_class_type_infoE@@CXXABI_1.3
         U clock_gettime@@GLIBC_2.4
         U fprintf@@GLIBC_2.4
         U fputc@@GLIBC_2.4
         U free@@GLIBC_2.4
         U malloc@@GLIBC_2.4
         U memset@@GLIBC_2.4
         U pthread_cancel@@GLIBC_2.4
         U pthread_cond_broadcast@@GLIBC_2.4
         U pthread_cond_destroy@@GLIBC_2.4
         U pthread_cond_init@@GLIBC_2.4
         U pthread_cond_timedwait@@GLIBC_2.4
         U pthread_cond_wait@@GLIBC_2.4
         U pthread_condattr_init@@GLIBC_2.4
         U pthread_condattr_setclock@@GLIBC_2.4
         U pthread_condattr_setpshared@@GLIBC_2.4
         U pthread_create@@GLIBC_2.4
         U pthread_exit@@GLIBC_2.4
         U pthread_join@@GLIBC_2.4
         U pthread_mutex_destroy@@GLIBC_2.4
         U pthread_mutex_init@@GLIBC_2.4
         U pthread_mutex_lock@@GLIBC_2.4
         U pthread_mutex_trylock@@GLIBC_2.4
         U pthread_mutex_unlock@@GLIBC_2.4
         U pthread_mutexattr_init@@GLIBC_2.4
         U pthread_mutexattr_setpshared@@GLIBC_2.4
         U pthread_testcancel@@GLIBC_2.4
         U realloc@@GLIBC_2.4
         U sleep@@GLIBC_2.4
         U sprintf@@GLIBC_2.4
         U stdout@@GLIBC_2.4
         U strerror@@GLIBC_2.4
         U usleep@@GLIBC_2.4
