_ZTVN10__cxxabiv117__class_type_infoE
_ZTVN10__cxxabiv120__si_class_type_infoE
_ZdaPv
_ZdlPv
_Znaj
_Znwj
__aeabi_idivmod
__aeabi_uldivmod
__aeabi_unwind_cpp_pr0
__cxa_end_cleanup
__errno_location
__gxx_personality_v0
clock_gettime
fprintf
fputc
free
malloc
memset
pthread_cancel
pthread_cond_broadcast
pthread_cond_destroy
pthread_cond_init
pthread_cond_timedwait
pthread_cond_wait
pthread_condattr_init
pthread_condattr_setclock
pthread_condattr_setpshared
pthread_create
pthread_exit
pthread_join
pthread_mutex_destroy
pthread_mutex_init
pthread_mutex_lock
pthread_mutex_trylock
pthread_mutex_unlock
pthread_mutexattr_init
pthread_mutexattr_setpshared
pthread_testcancel
realloc
sleep
sprintf
stdout
strerror
usleep
